<?xml version="1.0" encoding="UTF-8" ?>
<testsuites>
  <testsuite errors="1" failures="0" hostname="AB8036.local" id="0" name="Filter" package="org.junit.runner.manipulation" tests="1" time="0.038" timestamp="2013-11-18T21:09:36">
      <properties />

      <testcase classname="org.junit.runner.manipulation.Filter" name="initializationError" time="0.037">
          <error message="No tests found matching grails test target pattern filter from org.junit.runner.Request$1@6b5a740a" type="java.lang.Exception">java.lang.Exception: No tests found matching grails test target pattern filter from org.junit.runner.Request$1@6b5a740a
</error>

      </testcase>

      <system-out><![CDATA[--Output from initializationError--
]]></system-out>

      <system-err><![CDATA[--Output from initializationError--
]]></system-err>

  </testsuite>
</testsuites>
